2013-11-22 15:04:51,023 - sauce_connect:575 - INFO - / Starting \
2013-11-22 15:04:51,028 - sauce_connect:576 - INFO - Please wait for "You may start your tests" to start your tests.
2013-11-22 15:04:51,036 - sauce_connect:588 - DEBUG - System is -2.0 hours off UTC
2013-11-22 15:04:51,040 - sauce_connect:590 - DEBUG - options: {'user': 'theoricus', 'ports': ['64862'], 'no_ssl_bump_domains': '', 'domains': ['sauce-connect.proxy'], 'debug_ssh': False, 'tunnel_ports': ['80'], 'allow_unclean_exit': False, 'rest_url': 'https://saucelabs.com/rest/v1', 'logfile': 'sauce_connect.log', 'squid_opts': '', 'logfilesize': '31457280', 'boost_mode': True, 'tunnel_identifier': '', 'fast_fail_regexps': '', 'vm_version': '', 'quiet': False, 'latency_log': 150, 'use_ssh_config': False, 'ssh': False, 'se_port': '4445', 'readyfile': None, 'shared_tunnel': False, 'ssh_port': 443, 'direct_domains': '', 'host': '127.0.0.1'}
2013-11-22 15:04:51,046 - sauce_connect:591 - DEBUG - metadata: {'PythonVersion': '2.5.1', 'OwnerHost': '127.0.0.1', 'Release': '3.0-r30', 'OwnerPorts': ['64862'], 'Ports': ['80'], 'Platform': 'Java-1.6.0_65-Java_HotSpot-TM-_64-Bit_Server_VM,_20.65-b04-462,_Apple_Inc.-on-Mac_OS_X-10.8.5-x86_64', 'Build': '46', 'ScriptRelease': 46, 'ScriptName': 'sauce_connect'}
2013-11-22 15:04:51,048 - sauce_connect:593 - INFO - Forwarding: ['sauce-connect.proxy']:['80'] -> 127.0.0.1:['64862']
2013-11-22 15:04:51,062 - sauce_connect:385 - INFO - Succesfully connected to local server 127.0.0.1:64862 in 9ms
2013-11-22 15:04:51,924 - sauce_connect:248 - INFO - {"squid_config":null,"no_ssl_bump_domains":null,"use_caching_proxy":true,"metadata":{"PythonVersion":"2.5.1","OwnerHost":"127.0.0.1","Release":"3.0-r30","OwnerPorts":["64862"],"Ports":["80"],"Platform":"Java-1.6.0_65-Java_HotSpot-TM-_64-Bit_Server_VM,_20.65-b04-462,_Apple_Inc.-on-Mac_OS_X-10.8.5-x86_64","Build":"46","ScriptRelease":46,"ScriptName":"sauce_connect"},"use_kgp":true,"tunnel_identifier":"","shared_tunnel":false,"fast_fail_regexps":null,"ssh_port":443,"direct_domains":null,"vm_version":"","domain_names":["sauce-connect.proxy"]}
2013-11-22 15:04:56,378 - sauce_connect:260 - INFO - Tunnel remote VM is provisioned (ce3043f8af1b4a4e9f87e502c04a567c)
2013-11-22 15:04:56,714 - sauce_connect:278 - INFO - Tunnel remote VM is booting ..
2013-11-22 15:05:20,173 - sauce_connect:282 - INFO - Tunnel remote VM is running at maki77010.miso.saucelabs.com
2013-11-22 15:05:20,190 - sauce_connect:385 - INFO - Succesfully connected to local server 127.0.0.1:64862 in 0ms
2013-11-22 15:05:20,193 - sauce_connect:665 - INFO - Starting connection to tunnel host...
2013-11-22 15:05:20,196 - sauce_connect:665 - INFO - Connecting to tunnel host maki77010.miso.saucelabs.com as theoricus
2013-11-22 15:05:20,404 - sauce_connect:665 - INFO - Forwarding Selenium with ephemeral port 64869
2013-11-22 15:05:20,410 - sauce_connect:665 - INFO - Selenium HTTP proxy listening on port 4445
2013-11-22 15:05:25,568 - sauce_connect:0 - INFO - Successful handshake with Sauce Connect server
2013-11-22 15:05:25,763 - sauce_connect:0 - INFO - Tunnel host version: 0.1.0, remote endpoint ID: fc3cf7d2edd742d7b3745b728e4afeb2
2013-11-22 15:05:25,766 - sauce_connect:665 - INFO - Connected! You may start your tests.
2013-11-22 16:10:17,394 - sauce_connect:0 - INFO - received SIGINT
2013-11-22 16:10:42,904 - sauce_connect:575 - INFO - / Starting \
2013-11-22 16:10:42,911 - sauce_connect:576 - INFO - Please wait for "You may start your tests" to start your tests.
2013-11-22 16:10:42,924 - sauce_connect:588 - DEBUG - System is -2.0 hours off UTC
2013-11-22 16:10:42,927 - sauce_connect:590 - DEBUG - options: {'user': 'arboleya', 'ports': ['50372'], 'no_ssl_bump_domains': '', 'domains': ['sauce-connect.proxy'], 'debug_ssh': False, 'tunnel_ports': ['80'], 'allow_unclean_exit': False, 'rest_url': 'https://saucelabs.com/rest/v1', 'logfile': 'sauce_connect.log', 'squid_opts': '', 'logfilesize': '31457280', 'boost_mode': True, 'tunnel_identifier': '', 'fast_fail_regexps': '', 'vm_version': '', 'quiet': False, 'latency_log': 150, 'use_ssh_config': False, 'ssh': False, 'se_port': '4445', 'readyfile': None, 'shared_tunnel': False, 'ssh_port': 443, 'direct_domains': '', 'host': '127.0.0.1'}
2013-11-22 16:10:42,927 - sauce_connect:591 - DEBUG - metadata: {'PythonVersion': '2.5.1', 'OwnerHost': '127.0.0.1', 'Release': '3.0-r30', 'OwnerPorts': ['50372'], 'Ports': ['80'], 'Platform': 'Java-1.6.0_65-Java_HotSpot-TM-_64-Bit_Server_VM,_20.65-b04-462,_Apple_Inc.-on-Mac_OS_X-10.8.5-x86_64', 'Build': '46', 'ScriptRelease': 46, 'ScriptName': 'sauce_connect'}
2013-11-22 16:10:42,930 - sauce_connect:593 - INFO - Forwarding: ['sauce-connect.proxy']:['80'] -> 127.0.0.1:['50372']
2013-11-22 16:10:43,012 - sauce_connect:385 - INFO - Succesfully connected to local server 127.0.0.1:50372 in 69ms
2013-11-22 16:10:43,822 - sauce_connect:248 - INFO - {"squid_config":null,"no_ssl_bump_domains":null,"use_caching_proxy":true,"metadata":{"PythonVersion":"2.5.1","OwnerHost":"127.0.0.1","Release":"3.0-r30","OwnerPorts":["50372"],"Ports":["80"],"Platform":"Java-1.6.0_65-Java_HotSpot-TM-_64-Bit_Server_VM,_20.65-b04-462,_Apple_Inc.-on-Mac_OS_X-10.8.5-x86_64","Build":"46","ScriptRelease":46,"ScriptName":"sauce_connect"},"use_kgp":true,"tunnel_identifier":"","shared_tunnel":false,"fast_fail_regexps":null,"ssh_port":443,"direct_domains":null,"vm_version":"","domain_names":["sauce-connect.proxy"]}
2013-11-22 16:10:47,769 - sauce_connect:260 - INFO - Tunnel remote VM is provisioned (b1ae71e157df4009ac5f00c6c5d575bd)
2013-11-22 16:10:48,105 - sauce_connect:278 - INFO - Tunnel remote VM is booting ..
2013-11-22 16:11:04,834 - sauce_connect:282 - INFO - Tunnel remote VM is running at maki77104.miso.saucelabs.com
2013-11-22 16:11:04,858 - sauce_connect:385 - INFO - Succesfully connected to local server 127.0.0.1:50372 in 6ms
2013-11-22 16:11:04,865 - sauce_connect:665 - INFO - Starting connection to tunnel host...
2013-11-22 16:11:04,867 - sauce_connect:665 - INFO - Connecting to tunnel host maki77104.miso.saucelabs.com as arboleya
2013-11-22 16:11:04,993 - sauce_connect:665 - INFO - Forwarding Selenium with ephemeral port 50380
2013-11-22 16:11:05,013 - sauce_connect:665 - INFO - Selenium HTTP proxy listening on port 4445
2013-11-22 16:11:10,092 - sauce_connect:0 - INFO - Successful handshake with Sauce Connect server
2013-11-22 16:11:10,295 - sauce_connect:0 - INFO - Tunnel host version: 0.1.0, remote endpoint ID: 2dfa6ee8416e4304a0aa08b6a8cdbe4d
2013-11-22 16:11:10,298 - sauce_connect:665 - INFO - Connected! You may start your tests.
2013-11-22 16:28:40,015 - sauce_connect:0 - INFO - Selenium Relay - Request started: POST http://localhost:50380/wd/hub/session
2013-11-22 16:28:46,423 - sauce_connect:0 - INFO - Selenium Relay - POST http://localhost:50380/wd/hub/session -> 303 (6409ms, 0 bytes)
2013-11-22 16:28:46,437 - sauce_connect:0 - INFO - Selenium Relay - Request started: POST http://localhost:50380/wd/hub/session/ebd14651885e441287bb4abffd6173ad/url
2013-11-22 16:28:46,713 - sauce_connect:0 - INFO - Request started: GET http://localhost:8080/
2013-11-22 16:28:46,750 - sauce_connect:0 - INFO - GET http://localhost:8080/ -> 200 (36ms, 475 bytes)
2013-11-22 16:28:47,125 - sauce_connect:0 - INFO - Request started: GET http://localhost:8080/app.js
2013-11-22 16:28:47,134 - sauce_connect:0 - INFO - GET http://localhost:8080/app.js -> 200 (10ms, 2076 bytes)
2013-11-22 16:28:47,332 - sauce_connect:0 - INFO - Request started: GET http://code.jquery.com/jquery-1.10.1.min.js
2013-11-22 16:28:52,354 - sauce_connect:0 - INFO - GET http://code.jquery.com/jquery-1.10.1.min.js -> 200 (5021ms, 93064 bytes)
2013-11-22 16:28:53,154 - sauce_connect:0 - INFO - Request started: GET http://localhost:8080/__split__/node_modules/html5-history-api/history.js
2013-11-22 16:28:53,224 - sauce_connect:0 - INFO - GET http://localhost:8080/__split__/node_modules/html5-history-api/history.js -> 200 (70ms, 46363 bytes)
2013-11-22 16:28:53,247 - sauce_connect:0 - INFO - Request started: GET http://localhost:8080/__split__/src/index.js
2013-11-22 16:28:53,257 - sauce_connect:0 - INFO - Request started: GET http://localhost:8080/__split__/node_modules/the-event/lib/event.js
2013-11-22 16:28:53,249 - sauce_connect:0 - INFO - Request started: GET http://localhost:8080/__split__/test/fixtures/general/src/app.js
2013-11-22 16:28:53,361 - sauce_connect:0 - INFO - GET http://localhost:8080/__split__/src/index.js -> 200 (115ms, 7567 bytes)
2013-11-22 16:28:53,368 - sauce_connect:0 - INFO - GET http://localhost:8080/__split__/node_modules/the-event/lib/event.js -> 200 (112ms, 1603 bytes)
2013-11-22 16:28:53,375 - sauce_connect:0 - INFO - GET http://localhost:8080/__split__/test/fixtures/general/src/app.js -> 200 (125ms, 1794 bytes)
2013-11-22 16:28:53,769 - sauce_connect:0 - INFO - Request started: GET http://localhost:8080/favicon.ico
2013-11-22 16:28:53,779 - sauce_connect:0 - INFO - GET http://localhost:8080/favicon.ico -> 404 (12ms, 28 bytes)
2013-11-22 16:28:53,973 - sauce_connect:0 - INFO - Selenium Relay - POST http://localhost:50380/wd/hub/session/ebd14651885e441287bb4abffd6173ad/url -> 200 (7536ms, 75 bytes)
2013-11-22 16:28:53,992 - sauce_connect:0 - INFO - Selenium Relay - Request started: POST http://localhost:50380/wd/hub/session/ebd14651885e441287bb4abffd6173ad/elements
2013-11-22 16:28:54,421 - sauce_connect:0 - INFO - Selenium Relay - POST http://localhost:50380/wd/hub/session/ebd14651885e441287bb4abffd6173ad/elements -> 200 (428ms, 108 bytes)
2013-11-22 16:28:54,428 - sauce_connect:0 - INFO - Selenium Relay - Request started: POST http://localhost:50380/wd/hub/session/ebd14651885e441287bb4abffd6173ad/element
2013-11-22 16:28:54,877 - sauce_connect:0 - INFO - Selenium Relay - POST http://localhost:50380/wd/hub/session/ebd14651885e441287bb4abffd6173ad/element -> 200 (448ms, 106 bytes)
2013-11-22 16:28:54,907 - sauce_connect:0 - INFO - Selenium Relay - Request started: POST http://localhost:50380/wd/hub/session/ebd14651885e441287bb4abffd6173ad/element
2013-11-22 16:28:55,157 - sauce_connect:0 - INFO - Selenium Relay - POST http://localhost:50380/wd/hub/session/ebd14651885e441287bb4abffd6173ad/element -> 200 (248ms, 106 bytes)
2013-11-22 16:28:55,161 - sauce_connect:0 - INFO - Selenium Relay - Request started: POST http://localhost:50380/wd/hub/session/ebd14651885e441287bb4abffd6173ad/element/:wdc:1385144954692/click
2013-11-22 16:28:55,773 - sauce_connect:0 - INFO - Selenium Relay - POST http://localhost:50380/wd/hub/session/ebd14651885e441287bb4abffd6173ad/element/:wdc:1385144954692/click -> 200 (613ms, 75 bytes)
2013-11-22 16:28:55,773 - sauce_connect:0 - INFO - Request started: GET http://localhost:8080/favicon.ico
2013-11-22 16:28:55,780 - sauce_connect:0 - INFO - GET http://localhost:8080/favicon.ico -> 404 (7ms, 28 bytes)
2013-11-22 16:28:55,790 - sauce_connect:0 - INFO - Selenium Relay - Request started: POST http://localhost:50380/wd/hub/session/ebd14651885e441287bb4abffd6173ad/execute
2013-11-22 16:28:56,420 - sauce_connect:0 - INFO - Selenium Relay - POST http://localhost:50380/wd/hub/session/ebd14651885e441287bb4abffd6173ad/execute -> 200 (629ms, 82 bytes)
2013-11-22 16:28:56,430 - sauce_connect:0 - INFO - Selenium Relay - Request started: POST http://localhost:50380/wd/hub/session/ebd14651885e441287bb4abffd6173ad/element
2013-11-22 16:28:56,693 - sauce_connect:0 - INFO - Selenium Relay - POST http://localhost:50380/wd/hub/session/ebd14651885e441287bb4abffd6173ad/element -> 200 (263ms, 106 bytes)
2013-11-22 16:28:56,697 - sauce_connect:0 - INFO - Selenium Relay - Request started: POST http://localhost:50380/wd/hub/session/ebd14651885e441287bb4abffd6173ad/element/:wdc:1385144954693/click
2013-11-22 16:28:57,145 - sauce_connect:0 - INFO - Request started: GET http://localhost:8080/favicon.ico
2013-11-22 16:28:57,148 - sauce_connect:0 - INFO - GET http://localhost:8080/favicon.ico -> 404 (4ms, 28 bytes)
2013-11-22 16:28:57,352 - sauce_connect:0 - INFO - Selenium Relay - POST http://localhost:50380/wd/hub/session/ebd14651885e441287bb4abffd6173ad/element/:wdc:1385144954693/click -> 200 (654ms, 75 bytes)
2013-11-22 16:28:57,358 - sauce_connect:0 - INFO - Selenium Relay - Request started: POST http://localhost:50380/wd/hub/session/ebd14651885e441287bb4abffd6173ad/execute
2013-11-22 16:28:57,719 - sauce_connect:0 - INFO - Selenium Relay - POST http://localhost:50380/wd/hub/session/ebd14651885e441287bb4abffd6173ad/execute -> 200 (361ms, 82 bytes)
2013-11-22 16:28:57,778 - sauce_connect:0 - INFO - Selenium Relay - Request started: POST http://localhost:50380/wd/hub/session/ebd14651885e441287bb4abffd6173ad/element
2013-11-22 16:28:58,148 - sauce_connect:0 - INFO - Selenium Relay - POST http://localhost:50380/wd/hub/session/ebd14651885e441287bb4abffd6173ad/element -> 200 (372ms, 106 bytes)
2013-11-22 16:28:58,154 - sauce_connect:0 - INFO - Selenium Relay - Request started: POST http://localhost:50380/wd/hub/session/ebd14651885e441287bb4abffd6173ad/element/:wdc:1385144954694/click
2013-11-22 16:28:58,562 - sauce_connect:0 - INFO - Request started: GET http://localhost:8080/favicon.ico
2013-11-22 16:28:58,562 - sauce_connect:0 - INFO - Selenium Relay - POST http://localhost:50380/wd/hub/session/ebd14651885e441287bb4abffd6173ad/element/:wdc:1385144954694/click -> 200 (407ms, 75 bytes)
2013-11-22 16:28:58,569 - sauce_connect:0 - INFO - GET http://localhost:8080/favicon.ico -> 404 (6ms, 28 bytes)
2013-11-22 16:28:58,569 - sauce_connect:0 - INFO - Selenium Relay - Request started: POST http://localhost:50380/wd/hub/session/ebd14651885e441287bb4abffd6173ad/execute
2013-11-22 16:28:59,104 - sauce_connect:0 - INFO - Selenium Relay - POST http://localhost:50380/wd/hub/session/ebd14651885e441287bb4abffd6173ad/execute -> 200 (535ms, 82 bytes)
2013-11-22 16:28:59,108 - sauce_connect:0 - INFO - Selenium Relay - Request started: POST http://localhost:50380/wd/hub/session/ebd14651885e441287bb4abffd6173ad/execute
2013-11-22 16:28:59,535 - sauce_connect:0 - INFO - Selenium Relay - POST http://localhost:50380/wd/hub/session/ebd14651885e441287bb4abffd6173ad/execute -> 200 (425ms, 4884 bytes)
2013-11-22 16:29:00,382 - sauce_connect:0 - INFO - Selenium Relay - Request started: DELETE http://localhost:50380/wd/hub/session/ebd14651885e441287bb4abffd6173ad
2013-11-22 16:29:00,822 - sauce_connect:0 - INFO - Selenium Relay - DELETE http://localhost:50380/wd/hub/session/ebd14651885e441287bb4abffd6173ad -> 200 (440ms, 75 bytes)
2013-11-22 16:40:30,459 - sauce_connect:0 - INFO - Selenium Relay - Request started: POST http://localhost:50380/wd/hub/session
2013-11-22 16:40:37,882 - sauce_connect:0 - INFO - Selenium Relay - POST http://localhost:50380/wd/hub/session -> 302 (7423ms, 0 bytes)
2013-11-22 16:40:37,938 - sauce_connect:0 - INFO - Selenium Relay - Request started: POST http://localhost:50380/wd/hub/session/137f075640cf487d81d30f544727140a/url
2013-11-22 16:40:38,365 - sauce_connect:0 - INFO - Request started: GET http://localhost:8080/
2013-11-22 16:40:38,382 - sauce_connect:0 - INFO - GET http://localhost:8080/ -> 200 (18ms, 475 bytes)
2013-11-22 16:40:38,844 - sauce_connect:0 - INFO - Request started: GET http://localhost:8080/app.js
2013-11-22 16:40:38,849 - sauce_connect:0 - INFO - GET http://localhost:8080/app.js -> 200 (6ms, 2076 bytes)
2013-11-22 16:40:39,142 - sauce_connect:0 - INFO - Request started: GET http://localhost:8080/__split__/src/index.js
2013-11-22 16:40:39,142 - sauce_connect:0 - INFO - Request started: GET http://localhost:8080/__split__/test/fixtures/general/src/app.js
2013-11-22 16:40:39,190 - sauce_connect:0 - INFO - GET http://localhost:8080/__split__/test/fixtures/general/src/app.js -> 200 (47ms, 1794 bytes)
2013-11-22 16:40:39,198 - sauce_connect:0 - INFO - GET http://localhost:8080/__split__/src/index.js -> 200 (57ms, 7567 bytes)
2013-11-22 16:40:39,354 - sauce_connect:0 - INFO - Request started: GET http://localhost:8080/__split__/node_modules/html5-history-api/history.js
2013-11-22 16:40:39,361 - sauce_connect:0 - INFO - Request started: GET http://localhost:8080/favicon.ico
2013-11-22 16:40:39,361 - sauce_connect:0 - INFO - Request started: GET http://localhost:8080/__split__/node_modules/the-event/lib/event.js
2013-11-22 16:40:39,371 - sauce_connect:0 - INFO - GET http://localhost:8080/favicon.ico -> 404 (10ms, 28 bytes)
2013-11-22 16:40:39,371 - sauce_connect:0 - INFO - GET http://localhost:8080/__split__/node_modules/html5-history-api/history.js -> 200 (19ms, 46363 bytes)
2013-11-22 16:40:39,380 - sauce_connect:0 - INFO - GET http://localhost:8080/__split__/node_modules/the-event/lib/event.js -> 200 (18ms, 1603 bytes)
2013-11-22 16:40:39,553 - sauce_connect:0 - INFO - Selenium Relay - POST http://localhost:50380/wd/hub/session/137f075640cf487d81d30f544727140a/url -> 204 (1648ms, 0 bytes)
2013-11-22 16:40:39,562 - sauce_connect:0 - INFO - Selenium Relay - Request started: POST http://localhost:50380/wd/hub/session/137f075640cf487d81d30f544727140a/elements
2013-11-22 16:40:40,075 - sauce_connect:0 - INFO - Selenium Relay - POST http://localhost:50380/wd/hub/session/137f075640cf487d81d30f544727140a/elements -> 200 (514ms, 172 bytes)
2013-11-22 16:40:40,082 - sauce_connect:0 - INFO - Selenium Relay - Request started: POST http://localhost:50380/wd/hub/session/137f075640cf487d81d30f544727140a/element
2013-11-22 16:40:40,489 - sauce_connect:0 - INFO - Selenium Relay - POST http://localhost:50380/wd/hub/session/137f075640cf487d81d30f544727140a/element -> 200 (407ms, 171 bytes)
2013-11-22 16:40:40,512 - sauce_connect:0 - INFO - Selenium Relay - Request started: POST http://localhost:50380/wd/hub/session/137f075640cf487d81d30f544727140a/element
2013-11-22 16:40:41,114 - sauce_connect:0 - INFO - Selenium Relay - POST http://localhost:50380/wd/hub/session/137f075640cf487d81d30f544727140a/element -> 200 (601ms, 171 bytes)
2013-11-22 16:40:41,122 - sauce_connect:0 - INFO - Selenium Relay - Request started: POST http://localhost:50380/wd/hub/session/137f075640cf487d81d30f544727140a/element/1/click
2013-11-22 16:40:41,605 - sauce_connect:0 - INFO - Request started: GET http://localhost:8080/test/a
2013-11-22 16:40:41,617 - sauce_connect:0 - INFO - GET http://localhost:8080/test/a -> 200 (11ms, 475 bytes)
2013-11-22 16:40:42,055 - sauce_connect:0 - INFO - Request started: GET http://localhost:8080/app.js
2013-11-22 16:40:42,062 - sauce_connect:0 - INFO - GET http://localhost:8080/app.js -> 200 (8ms, 2076 bytes)
2013-11-22 16:40:42,319 - sauce_connect:0 - INFO - Request started: GET http://localhost:8080/__split__/test/fixtures/general/src/app.js
2013-11-22 16:40:42,319 - sauce_connect:0 - INFO - Request started: GET http://localhost:8080/__split__/node_modules/html5-history-api/history.js
2013-11-22 16:40:42,342 - sauce_connect:0 - INFO - Request started: GET http://localhost:8080/__split__/src/index.js
2013-11-22 16:40:42,375 - sauce_connect:0 - INFO - GET http://localhost:8080/__split__/test/fixtures/general/src/app.js -> 200 (36ms, 1794 bytes)
2013-11-22 16:40:42,394 - sauce_connect:0 - INFO - GET http://localhost:8080/__split__/src/index.js -> 200 (53ms, 7567 bytes)
2013-11-22 16:40:42,401 - sauce_connect:0 - INFO - GET http://localhost:8080/__split__/node_modules/html5-history-api/history.js -> 200 (84ms, 46363 bytes)
2013-11-22 16:40:42,470 - sauce_connect:0 - INFO - Request started: GET http://localhost:8080/favicon.ico
2013-11-22 16:40:42,474 - sauce_connect:0 - INFO - Request started: GET http://localhost:8080/__split__/node_modules/the-event/lib/event.js
2013-11-22 16:40:42,490 - sauce_connect:0 - INFO - GET http://localhost:8080/favicon.ico -> 404 (20ms, 28 bytes)
2013-11-22 16:40:42,631 - sauce_connect:0 - INFO - GET http://localhost:8080/__split__/node_modules/the-event/lib/event.js -> 200 (157ms, 1603 bytes)
2013-11-22 16:40:42,677 - sauce_connect:0 - INFO - Selenium Relay - POST http://localhost:50380/wd/hub/session/137f075640cf487d81d30f544727140a/element/1/click -> 204 (1554ms, 0 bytes)
2013-11-22 16:40:42,690 - sauce_connect:0 - INFO - Selenium Relay - Request started: POST http://localhost:50380/wd/hub/session/137f075640cf487d81d30f544727140a/execute
2013-11-22 16:40:43,138 - sauce_connect:0 - INFO - Selenium Relay - POST http://localhost:50380/wd/hub/session/137f075640cf487d81d30f544727140a/execute -> 200 (450ms, 157 bytes)
2013-11-22 16:40:43,161 - sauce_connect:0 - INFO - Selenium Relay - Request started: POST http://localhost:50380/wd/hub/session/137f075640cf487d81d30f544727140a/element
2013-11-22 16:40:43,569 - sauce_connect:0 - INFO - Selenium Relay - POST http://localhost:50380/wd/hub/session/137f075640cf487d81d30f544727140a/element -> 200 (408ms, 171 bytes)
2013-11-22 16:40:43,585 - sauce_connect:0 - INFO - Selenium Relay - Request started: POST http://localhost:50380/wd/hub/session/137f075640cf487d81d30f544727140a/element/2/click
2013-11-22 16:40:44,364 - sauce_connect:0 - INFO - Request started: GET http://localhost:8080/test/b
2013-11-22 16:40:44,367 - sauce_connect:0 - INFO - GET http://localhost:8080/test/b -> 200 (3ms, 475 bytes)
2013-11-22 16:40:44,617 - sauce_connect:0 - INFO - Request started: GET http://localhost:8080/app.js
2013-11-22 16:40:44,625 - sauce_connect:0 - INFO - GET http://localhost:8080/app.js -> 200 (6ms, 2076 bytes)
2013-11-22 16:40:44,923 - sauce_connect:0 - INFO - Request started: GET http://localhost:8080/__split__/src/index.js
2013-11-22 16:40:44,927 - sauce_connect:0 - INFO - Request started: GET http://localhost:8080/__split__/node_modules/html5-history-api/history.js
2013-11-22 16:40:44,948 - sauce_connect:0 - INFO - GET http://localhost:8080/__split__/node_modules/html5-history-api/history.js -> 200 (21ms, 46363 bytes)
2013-11-22 16:40:44,957 - sauce_connect:0 - INFO - GET http://localhost:8080/__split__/src/index.js -> 200 (33ms, 7567 bytes)
2013-11-22 16:40:45,033 - sauce_connect:0 - INFO - Request started: GET http://localhost:8080/__split__/node_modules/the-event/lib/event.js
2013-11-22 16:40:45,033 - sauce_connect:0 - INFO - Request started: GET http://localhost:8080/__split__/test/fixtures/general/src/app.js
2013-11-22 16:40:45,039 - sauce_connect:0 - INFO - GET http://localhost:8080/__split__/node_modules/the-event/lib/event.js -> 200 (5ms, 1603 bytes)
2013-11-22 16:40:45,049 - sauce_connect:0 - INFO - GET http://localhost:8080/__split__/test/fixtures/general/src/app.js -> 200 (15ms, 1794 bytes)
2013-11-22 16:40:45,243 - sauce_connect:0 - INFO - Selenium Relay - POST http://localhost:50380/wd/hub/session/137f075640cf487d81d30f544727140a/element/2/click -> 204 (1657ms, 0 bytes)
2013-11-22 16:40:45,306 - sauce_connect:0 - INFO - Selenium Relay - Request started: POST http://localhost:50380/wd/hub/session/137f075640cf487d81d30f544727140a/execute
2013-11-22 16:40:45,927 - sauce_connect:0 - INFO - Selenium Relay - POST http://localhost:50380/wd/hub/session/137f075640cf487d81d30f544727140a/execute -> 200 (614ms, 156 bytes)
2013-11-22 16:40:45,940 - sauce_connect:0 - INFO - Selenium Relay - Request started: POST http://localhost:50380/wd/hub/session/137f075640cf487d81d30f544727140a/element
2013-11-22 16:40:46,552 - sauce_connect:0 - INFO - Selenium Relay - POST http://localhost:50380/wd/hub/session/137f075640cf487d81d30f544727140a/element -> 200 (613ms, 170 bytes)
2013-11-22 16:40:46,559 - sauce_connect:0 - INFO - Selenium Relay - Request started: POST http://localhost:50380/wd/hub/session/137f075640cf487d81d30f544727140a/element/3/click
2013-11-22 16:40:47,368 - sauce_connect:0 - INFO - Request started: GET http://localhost:8080/test/c
2013-11-22 16:40:47,394 - sauce_connect:0 - INFO - GET http://localhost:8080/test/c -> 200 (27ms, 475 bytes)
2013-11-22 16:40:47,654 - sauce_connect:0 - INFO - Request started: GET http://localhost:8080/app.js
2013-11-22 16:40:47,665 - sauce_connect:0 - INFO - GET http://localhost:8080/app.js -> 200 (13ms, 2076 bytes)
2013-11-22 16:40:47,904 - sauce_connect:0 - INFO - Request started: GET http://localhost:8080/__split__/node_modules/html5-history-api/history.js
2013-11-22 16:40:47,904 - sauce_connect:0 - INFO - Request started: GET http://localhost:8080/__split__/src/index.js
2013-11-22 16:40:47,918 - sauce_connect:0 - INFO - GET http://localhost:8080/__split__/node_modules/html5-history-api/history.js -> 200 (15ms, 46363 bytes)
2013-11-22 16:40:47,930 - sauce_connect:0 - INFO - GET http://localhost:8080/__split__/src/index.js -> 200 (25ms, 7567 bytes)
2013-11-22 16:40:48,112 - sauce_connect:0 - INFO - Request started: GET http://localhost:8080/__split__/test/fixtures/general/src/app.js
2013-11-22 16:40:48,119 - sauce_connect:0 - INFO - GET http://localhost:8080/__split__/test/fixtures/general/src/app.js -> 200 (8ms, 1794 bytes)
2013-11-22 16:40:48,121 - sauce_connect:0 - INFO - Request started: GET http://localhost:8080/__split__/node_modules/the-event/lib/event.js
2013-11-22 16:40:48,134 - sauce_connect:0 - INFO - GET http://localhost:8080/__split__/node_modules/the-event/lib/event.js -> 200 (13ms, 1603 bytes)
2013-11-22 16:40:48,322 - sauce_connect:0 - INFO - Selenium Relay - POST http://localhost:50380/wd/hub/session/137f075640cf487d81d30f544727140a/element/3/click -> 204 (1764ms, 0 bytes)
2013-11-22 16:40:48,329 - sauce_connect:0 - INFO - Selenium Relay - Request started: POST http://localhost:50380/wd/hub/session/137f075640cf487d81d30f544727140a/execute
2013-11-22 16:40:49,003 - sauce_connect:0 - INFO - Selenium Relay - POST http://localhost:50380/wd/hub/session/137f075640cf487d81d30f544727140a/execute -> 200 (674ms, 156 bytes)
2013-11-22 16:40:49,019 - sauce_connect:0 - INFO - Selenium Relay - Request started: POST http://localhost:50380/wd/hub/session/137f075640cf487d81d30f544727140a/execute
2013-11-22 16:41:07,362 - sauce_connect:0 - INFO - Selenium Relay - POST http://localhost:50380/wd/hub/session/137f075640cf487d81d30f544727140a/execute -> 200 (18343ms, 4965 bytes)
2013-11-22 16:41:09,213 - sauce_connect:0 - INFO - Selenium Relay - Request started: DELETE http://localhost:50380/wd/hub/session/137f075640cf487d81d30f544727140a
2013-11-22 16:41:09,779 - sauce_connect:0 - INFO - Selenium Relay - DELETE http://localhost:50380/wd/hub/session/137f075640cf487d81d30f544727140a -> 200 (567ms, 75 bytes)
2013-11-22 16:41:10,433 - sauce_connect:0 - INFO - Selenium Relay - Request started: POST http://localhost:50380/wd/hub/session
2013-11-22 16:41:19,858 - sauce_connect:0 - INFO - Selenium Relay - POST http://localhost:50380/wd/hub/session -> 302 (9425ms, 0 bytes)
2013-11-22 16:41:19,872 - sauce_connect:0 - INFO - Selenium Relay - Request started: POST http://localhost:50380/wd/hub/session/cfc3d018b57d47d8a679ecbd83bfd8d1/url
2013-11-22 16:41:20,273 - sauce_connect:0 - INFO - Request started: GET http://localhost:8080/
2013-11-22 16:41:20,298 - sauce_connect:0 - INFO - GET http://localhost:8080/ -> 200 (26ms, 475 bytes)
2013-11-22 16:41:20,730 - sauce_connect:0 - INFO - Request started: GET http://localhost:8080/app.js
2013-11-22 16:41:20,743 - sauce_connect:0 - INFO - GET http://localhost:8080/app.js -> 200 (14ms, 2076 bytes)
2013-11-22 16:41:20,980 - sauce_connect:0 - INFO - Request started: GET http://localhost:8080/__split__/node_modules/html5-history-api/history.js
2013-11-22 16:41:21,059 - sauce_connect:0 - INFO - GET http://localhost:8080/__split__/node_modules/html5-history-api/history.js -> 200 (20ms, 46363 bytes)
2013-11-22 16:41:21,066 - sauce_connect:0 - INFO - Request started: GET http://localhost:8080/__split__/src/index.js
2013-11-22 16:41:21,069 - sauce_connect:0 - INFO - Request started: GET http://localhost:8080/__split__/test/fixtures/general/src/app.js
2013-11-22 16:41:21,066 - sauce_connect:0 - INFO - Request started: GET http://localhost:8080/__split__/node_modules/the-event/lib/event.js
2013-11-22 16:41:21,104 - sauce_connect:0 - INFO - GET http://localhost:8080/__split__/node_modules/the-event/lib/event.js -> 200 (36ms, 1603 bytes)
2013-11-22 16:41:21,184 - sauce_connect:0 - INFO - GET http://localhost:8080/__split__/test/fixtures/general/src/app.js -> 200 (116ms, 1794 bytes)
2013-11-22 16:41:21,201 - sauce_connect:0 - INFO - Request started: GET http://localhost:8080/favicon.ico
2013-11-22 16:41:21,190 - sauce_connect:0 - INFO - GET http://localhost:8080/__split__/src/index.js -> 200 (90ms, 7567 bytes)
2013-11-22 16:41:21,211 - sauce_connect:0 - INFO - GET http://localhost:8080/favicon.ico -> 404 (10ms, 28 bytes)
2013-11-22 16:41:21,392 - sauce_connect:0 - INFO - Selenium Relay - POST http://localhost:50380/wd/hub/session/cfc3d018b57d47d8a679ecbd83bfd8d1/url -> 204 (1521ms, 0 bytes)
2013-11-22 16:41:21,423 - sauce_connect:0 - INFO - Selenium Relay - Request started: POST http://localhost:50380/wd/hub/session/cfc3d018b57d47d8a679ecbd83bfd8d1/elements
2013-11-22 16:41:21,881 - sauce_connect:0 - INFO - Selenium Relay - POST http://localhost:50380/wd/hub/session/cfc3d018b57d47d8a679ecbd83bfd8d1/elements -> 200 (457ms, 173 bytes)
2013-11-22 16:41:21,888 - sauce_connect:0 - INFO - Selenium Relay - Request started: POST http://localhost:50380/wd/hub/session/cfc3d018b57d47d8a679ecbd83bfd8d1/element
2013-11-22 16:41:22,519 - sauce_connect:0 - INFO - Selenium Relay - POST http://localhost:50380/wd/hub/session/cfc3d018b57d47d8a679ecbd83bfd8d1/element -> 200 (631ms, 171 bytes)
2013-11-22 16:41:22,539 - sauce_connect:0 - INFO - Selenium Relay - Request started: POST http://localhost:50380/wd/hub/session/cfc3d018b57d47d8a679ecbd83bfd8d1/element
2013-11-22 16:41:22,861 - sauce_connect:0 - INFO - Selenium Relay - POST http://localhost:50380/wd/hub/session/cfc3d018b57d47d8a679ecbd83bfd8d1/element -> 200 (323ms, 171 bytes)
2013-11-22 16:41:22,871 - sauce_connect:0 - INFO - Selenium Relay - Request started: POST http://localhost:50380/wd/hub/session/cfc3d018b57d47d8a679ecbd83bfd8d1/element/1/click
2013-11-22 16:41:23,365 - sauce_connect:0 - INFO - Request started: GET http://localhost:8080/test/a
2013-11-22 16:41:23,372 - sauce_connect:0 - INFO - GET http://localhost:8080/test/a -> 200 (7ms, 475 bytes)
2013-11-22 16:41:23,723 - sauce_connect:0 - INFO - Request started: GET http://localhost:8080/app.js
2013-11-22 16:41:23,726 - sauce_connect:0 - INFO - GET http://localhost:8080/app.js -> 200 (4ms, 2076 bytes)
2013-11-22 16:41:24,002 - sauce_connect:0 - INFO - Request started: GET http://localhost:8080/__split__/node_modules/html5-history-api/history.js
2013-11-22 16:41:24,002 - sauce_connect:0 - INFO - Request started: GET http://localhost:8080/__split__/src/index.js
2013-11-22 16:41:24,005 - sauce_connect:0 - INFO - Request started: GET http://localhost:8080/__split__/test/fixtures/general/src/app.js
2013-11-22 16:41:24,006 - sauce_connect:0 - INFO - Request started: GET http://localhost:8080/__split__/node_modules/the-event/lib/event.js
2013-11-22 16:41:24,019 - sauce_connect:0 - INFO - GET http://localhost:8080/__split__/node_modules/html5-history-api/history.js -> 200 (16ms, 46363 bytes)
2013-11-22 16:41:24,039 - sauce_connect:0 - INFO - GET http://localhost:8080/__split__/src/index.js -> 200 (36ms, 7567 bytes)
2013-11-22 16:41:24,042 - sauce_connect:0 - INFO - GET http://localhost:8080/__split__/test/fixtures/general/src/app.js -> 200 (37ms, 1794 bytes)
2013-11-22 16:41:24,045 - sauce_connect:0 - INFO - GET http://localhost:8080/__split__/node_modules/the-event/lib/event.js -> 200 (38ms, 1603 bytes)
2013-11-22 16:41:24,191 - sauce_connect:0 - INFO - Request started: GET http://localhost:8080/favicon.ico
2013-11-22 16:41:24,198 - sauce_connect:0 - INFO - Selenium Relay - POST http://localhost:50380/wd/hub/session/cfc3d018b57d47d8a679ecbd83bfd8d1/element/1/click -> 204 (1329ms, 0 bytes)
2013-11-22 16:41:24,217 - sauce_connect:0 - INFO - Selenium Relay - Request started: POST http://localhost:50380/wd/hub/session/cfc3d018b57d47d8a679ecbd83bfd8d1/execute
2013-11-22 16:41:24,217 - sauce_connect:0 - INFO - GET http://localhost:8080/favicon.ico -> 404 (26ms, 28 bytes)
2013-11-22 16:41:24,674 - sauce_connect:0 - INFO - Selenium Relay - POST http://localhost:50380/wd/hub/session/cfc3d018b57d47d8a679ecbd83bfd8d1/execute -> 200 (457ms, 157 bytes)
2013-11-22 16:41:24,683 - sauce_connect:0 - INFO - Selenium Relay - Request started: POST http://localhost:50380/wd/hub/session/cfc3d018b57d47d8a679ecbd83bfd8d1/element
2013-11-22 16:41:24,983 - sauce_connect:0 - INFO - Selenium Relay - POST http://localhost:50380/wd/hub/session/cfc3d018b57d47d8a679ecbd83bfd8d1/element -> 200 (301ms, 170 bytes)
2013-11-22 16:41:25,003 - sauce_connect:0 - INFO - Selenium Relay - Request started: POST http://localhost:50380/wd/hub/session/cfc3d018b57d47d8a679ecbd83bfd8d1/element/2/click
2013-11-22 16:41:25,394 - sauce_connect:0 - INFO - Request started: GET http://localhost:8080/test/b
2013-11-22 16:41:25,400 - sauce_connect:0 - INFO - GET http://localhost:8080/test/b -> 200 (4ms, 475 bytes)
2013-11-22 16:41:25,825 - sauce_connect:0 - INFO - Request started: GET http://localhost:8080/app.js
2013-11-22 16:41:25,828 - sauce_connect:0 - INFO - GET http://localhost:8080/app.js -> 200 (4ms, 2076 bytes)
2013-11-22 16:41:26,075 - sauce_connect:0 - INFO - Request started: GET http://localhost:8080/__split__/node_modules/html5-history-api/history.js
2013-11-22 16:41:26,082 - sauce_connect:0 - INFO - GET http://localhost:8080/__split__/node_modules/html5-history-api/history.js -> 200 (6ms, 46363 bytes)
2013-11-22 16:41:26,270 - sauce_connect:0 - INFO - Request started: GET http://localhost:8080/__split__/src/index.js
2013-11-22 16:41:26,273 - sauce_connect:0 - INFO - Request started: GET http://localhost:8080/__split__/node_modules/the-event/lib/event.js
2013-11-22 16:41:26,279 - sauce_connect:0 - INFO - Request started: GET http://localhost:8080/__split__/test/fixtures/general/src/app.js
2013-11-22 16:41:26,308 - sauce_connect:0 - INFO - GET http://localhost:8080/__split__/src/index.js -> 200 (37ms, 7567 bytes)
2013-11-22 16:41:26,309 - sauce_connect:0 - INFO - GET http://localhost:8080/__split__/node_modules/the-event/lib/event.js -> 200 (37ms, 1603 bytes)
2013-11-22 16:41:26,312 - sauce_connect:0 - INFO - GET http://localhost:8080/__split__/test/fixtures/general/src/app.js -> 200 (33ms, 1794 bytes)
2013-11-22 16:41:26,479 - sauce_connect:0 - INFO - Selenium Relay - POST http://localhost:50380/wd/hub/session/cfc3d018b57d47d8a679ecbd83bfd8d1/element/2/click -> 204 (1476ms, 0 bytes)
2013-11-22 16:41:26,516 - sauce_connect:0 - INFO - Selenium Relay - Request started: POST http://localhost:50380/wd/hub/session/cfc3d018b57d47d8a679ecbd83bfd8d1/execute
2013-11-22 16:41:26,943 - sauce_connect:0 - INFO - Selenium Relay - POST http://localhost:50380/wd/hub/session/cfc3d018b57d47d8a679ecbd83bfd8d1/execute -> 200 (425ms, 157 bytes)
2013-11-22 16:41:26,960 - sauce_connect:0 - INFO - Selenium Relay - Request started: POST http://localhost:50380/wd/hub/session/cfc3d018b57d47d8a679ecbd83bfd8d1/element
2013-11-22 16:41:27,371 - sauce_connect:0 - INFO - Selenium Relay - POST http://localhost:50380/wd/hub/session/cfc3d018b57d47d8a679ecbd83bfd8d1/element -> 200 (409ms, 170 bytes)
2013-11-22 16:41:27,380 - sauce_connect:0 - INFO - Selenium Relay - Request started: POST http://localhost:50380/wd/hub/session/cfc3d018b57d47d8a679ecbd83bfd8d1/element/3/click
2013-11-22 16:41:27,770 - sauce_connect:0 - INFO - Request started: GET http://localhost:8080/test/c
2013-11-22 16:41:27,775 - sauce_connect:0 - INFO - GET http://localhost:8080/test/c -> 200 (4ms, 475 bytes)
2013-11-22 16:41:28,184 - sauce_connect:0 - INFO - Request started: GET http://localhost:8080/app.js
2013-11-22 16:41:28,190 - sauce_connect:0 - INFO - GET http://localhost:8080/app.js -> 200 (6ms, 2076 bytes)
2013-11-22 16:41:28,430 - sauce_connect:0 - INFO - Request started: GET http://localhost:8080/__split__/node_modules/html5-history-api/history.js
2013-11-22 16:41:28,447 - sauce_connect:0 - INFO - GET http://localhost:8080/__split__/node_modules/html5-history-api/history.js -> 200 (17ms, 46363 bytes)
2013-11-22 16:41:28,674 - sauce_connect:0 - INFO - Request started: GET http://localhost:8080/__split__/node_modules/the-event/lib/event.js
2013-11-22 16:41:28,678 - sauce_connect:0 - INFO - Request started: GET http://localhost:8080/__split__/test/fixtures/general/src/app.js
2013-11-22 16:41:28,683 - sauce_connect:0 - INFO - Request started: GET http://localhost:8080/__split__/src/index.js
2013-11-22 16:41:28,700 - sauce_connect:0 - INFO - GET http://localhost:8080/__split__/node_modules/the-event/lib/event.js -> 200 (25ms, 1603 bytes)
2013-11-22 16:41:28,721 - sauce_connect:0 - INFO - GET http://localhost:8080/__split__/test/fixtures/general/src/app.js -> 200 (42ms, 1794 bytes)
2013-11-22 16:41:28,813 - sauce_connect:0 - INFO - GET http://localhost:8080/__split__/src/index.js -> 200 (131ms, 7567 bytes)
2013-11-22 16:41:28,849 - sauce_connect:0 - INFO - Selenium Relay - POST http://localhost:50380/wd/hub/session/cfc3d018b57d47d8a679ecbd83bfd8d1/element/3/click -> 204 (1470ms, 0 bytes)
2013-11-22 16:41:28,871 - sauce_connect:0 - INFO - Selenium Relay - Request started: POST http://localhost:50380/wd/hub/session/cfc3d018b57d47d8a679ecbd83bfd8d1/execute
2013-11-22 16:41:29,259 - sauce_connect:0 - INFO - Selenium Relay - POST http://localhost:50380/wd/hub/session/cfc3d018b57d47d8a679ecbd83bfd8d1/execute -> 200 (390ms, 157 bytes)
2013-11-22 16:41:29,266 - sauce_connect:0 - INFO - Selenium Relay - Request started: POST http://localhost:50380/wd/hub/session/cfc3d018b57d47d8a679ecbd83bfd8d1/execute
2013-11-22 16:41:40,460 - sauce_connect:0 - INFO - Selenium Relay - POST http://localhost:50380/wd/hub/session/cfc3d018b57d47d8a679ecbd83bfd8d1/execute -> 200 (11194ms, 4965 bytes)
2013-11-22 16:41:40,605 - sauce_connect:0 - INFO - Selenium Relay - Request started: DELETE http://localhost:50380/wd/hub/session/cfc3d018b57d47d8a679ecbd83bfd8d1
2013-11-22 16:41:41,019 - sauce_connect:0 - INFO - Selenium Relay - DELETE http://localhost:50380/wd/hub/session/cfc3d018b57d47d8a679ecbd83bfd8d1 -> 200 (415ms, 75 bytes)
2013-11-22 16:41:41,710 - sauce_connect:0 - INFO - Selenium Relay - Request started: POST http://localhost:50380/wd/hub/session
2013-11-22 16:41:50,405 - sauce_connect:0 - INFO - Selenium Relay - POST http://localhost:50380/wd/hub/session -> 302 (8695ms, 0 bytes)
2013-11-22 16:41:50,411 - sauce_connect:0 - INFO - Selenium Relay - Request started: POST http://localhost:50380/wd/hub/session/fd771f23908f4394a5c14c27eab6e9ae/url
2013-11-22 16:41:51,039 - sauce_connect:0 - INFO - Request started: GET http://localhost:8080/
2013-11-22 16:41:51,088 - sauce_connect:0 - INFO - GET http://localhost:8080/ -> 200 (51ms, 475 bytes)
2013-11-22 16:41:51,447 - sauce_connect:0 - INFO - Request started: GET http://localhost:8080/app.js
2013-11-22 16:41:51,454 - sauce_connect:0 - INFO - GET http://localhost:8080/app.js -> 200 (8ms, 2076 bytes)
2013-11-22 16:41:51,447 - sauce_connect:0 - INFO - Request started: GET http://localhost:8080/app.js
2013-11-22 16:41:51,483 - sauce_connect:0 - INFO - GET http://localhost:8080/app.js -> 200 (37ms, 2076 bytes)
2013-11-22 16:41:51,733 - sauce_connect:0 - INFO - Request started: GET http://localhost:8080/__split__/node_modules/the-event/lib/event.js
2013-11-22 16:41:51,744 - sauce_connect:0 - INFO - Request started: GET http://localhost:8080/__split__/node_modules/html5-history-api/history.js
2013-11-22 16:41:51,759 - sauce_connect:0 - INFO - GET http://localhost:8080/__split__/node_modules/the-event/lib/event.js -> 200 (25ms, 1603 bytes)
2013-11-22 16:41:51,782 - sauce_connect:0 - INFO - GET http://localhost:8080/__split__/node_modules/html5-history-api/history.js -> 200 (38ms, 46363 bytes)
2013-11-22 16:41:51,907 - sauce_connect:0 - INFO - Request started: GET http://localhost:8080/__split__/test/fixtures/general/src/app.js
2013-11-22 16:41:51,910 - sauce_connect:0 - INFO - Request started: GET http://localhost:8080/__split__/src/index.js
2013-11-22 16:41:51,913 - sauce_connect:0 - INFO - Request started: GET http://localhost:8080/favicon.ico
2013-11-22 16:41:51,943 - sauce_connect:0 - INFO - GET http://localhost:8080/__split__/src/index.js -> 200 (33ms, 7567 bytes)
2013-11-22 16:41:51,947 - sauce_connect:0 - INFO - GET http://localhost:8080/__split__/test/fixtures/general/src/app.js -> 200 (40ms, 1794 bytes)
2013-11-22 16:41:51,953 - sauce_connect:0 - INFO - GET http://localhost:8080/favicon.ico -> 404 (42ms, 28 bytes)
2013-11-22 16:41:52,115 - sauce_connect:0 - INFO - Selenium Relay - POST http://localhost:50380/wd/hub/session/fd771f23908f4394a5c14c27eab6e9ae/url -> 204 (1704ms, 0 bytes)
2013-11-22 16:41:52,134 - sauce_connect:0 - INFO - Selenium Relay - Request started: POST http://localhost:50380/wd/hub/session/fd771f23908f4394a5c14c27eab6e9ae/elements
2013-11-22 16:41:52,621 - sauce_connect:0 - INFO - Selenium Relay - POST http://localhost:50380/wd/hub/session/fd771f23908f4394a5c14c27eab6e9ae/elements -> 200 (487ms, 173 bytes)
2013-11-22 16:41:52,628 - sauce_connect:0 - INFO - Selenium Relay - Request started: POST http://localhost:50380/wd/hub/session/fd771f23908f4394a5c14c27eab6e9ae/element
2013-11-22 16:41:53,119 - sauce_connect:0 - INFO - Selenium Relay - POST http://localhost:50380/wd/hub/session/fd771f23908f4394a5c14c27eab6e9ae/element -> 200 (492ms, 171 bytes)
2013-11-22 16:41:53,128 - sauce_connect:0 - INFO - Selenium Relay - Request started: POST http://localhost:50380/wd/hub/session/fd771f23908f4394a5c14c27eab6e9ae/element
2013-11-22 16:41:53,535 - sauce_connect:0 - INFO - Selenium Relay - POST http://localhost:50380/wd/hub/session/fd771f23908f4394a5c14c27eab6e9ae/element -> 200 (404ms, 171 bytes)
2013-11-22 16:41:53,548 - sauce_connect:0 - INFO - Selenium Relay - Request started: POST http://localhost:50380/wd/hub/session/fd771f23908f4394a5c14c27eab6e9ae/element/1/click
2013-11-22 16:41:54,184 - sauce_connect:0 - INFO - Request started: GET http://localhost:8080/test/a
2013-11-22 16:41:54,190 - sauce_connect:0 - INFO - GET http://localhost:8080/test/a -> 200 (4ms, 475 bytes)
2013-11-22 16:41:54,670 - sauce_connect:0 - INFO - Request started: GET http://localhost:8080/app.js
2013-11-22 16:41:54,674 - sauce_connect:0 - INFO - GET http://localhost:8080/app.js -> 200 (5ms, 2076 bytes)
2013-11-22 16:41:54,924 - sauce_connect:0 - INFO - Request started: GET http://localhost:8080/__split__/node_modules/html5-history-api/history.js
2013-11-22 16:41:54,941 - sauce_connect:0 - INFO - GET http://localhost:8080/__split__/node_modules/html5-history-api/history.js -> 200 (18ms, 46363 bytes)
2013-11-22 16:41:55,105 - sauce_connect:0 - INFO - Request started: GET http://localhost:8080/__split__/node_modules/the-event/lib/event.js
2013-11-22 16:41:55,111 - sauce_connect:0 - INFO - Request started: GET http://localhost:8080/__split__/test/fixtures/general/src/app.js
2013-11-22 16:41:55,111 - sauce_connect:0 - INFO - Request started: GET http://localhost:8080/favicon.ico
2013-11-22 16:41:55,118 - sauce_connect:0 - INFO - GET http://localhost:8080/__split__/node_modules/the-event/lib/event.js -> 200 (14ms, 1603 bytes)
2013-11-22 16:41:55,118 - sauce_connect:0 - INFO - GET http://localhost:8080/favicon.ico -> 404 (7ms, 28 bytes)
2013-11-22 16:41:55,124 - sauce_connect:0 - INFO - GET http://localhost:8080/__split__/test/fixtures/general/src/app.js -> 200 (12ms, 1794 bytes)
2013-11-22 16:41:55,131 - sauce_connect:0 - INFO - Selenium Relay - POST http://localhost:50380/wd/hub/session/fd771f23908f4394a5c14c27eab6e9ae/element/1/click -> 204 (1583ms, 0 bytes)
2013-11-22 16:41:55,141 - sauce_connect:0 - INFO - Selenium Relay - Request started: POST http://localhost:50380/wd/hub/session/fd771f23908f4394a5c14c27eab6e9ae/execute
2013-11-22 16:41:55,671 - sauce_connect:0 - INFO - Selenium Relay - POST http://localhost:50380/wd/hub/session/fd771f23908f4394a5c14c27eab6e9ae/execute -> 200 (531ms, 157 bytes)
2013-11-22 16:41:55,677 - sauce_connect:0 - INFO - Selenium Relay - Request started: POST http://localhost:50380/wd/hub/session/fd771f23908f4394a5c14c27eab6e9ae/element
2013-11-22 16:41:56,125 - sauce_connect:0 - INFO - Selenium Relay - POST http://localhost:50380/wd/hub/session/fd771f23908f4394a5c14c27eab6e9ae/element -> 200 (448ms, 171 bytes)
2013-11-22 16:41:56,134 - sauce_connect:0 - INFO - Selenium Relay - Request started: POST http://localhost:50380/wd/hub/session/fd771f23908f4394a5c14c27eab6e9ae/element/2/click
2013-11-22 16:41:56,631 - sauce_connect:0 - INFO - Request started: GET http://localhost:8080/test/b
2013-11-22 16:41:56,651 - sauce_connect:0 - INFO - GET http://localhost:8080/test/b -> 200 (21ms, 475 bytes)
2013-11-22 16:41:56,905 - sauce_connect:0 - INFO - Request started: GET http://localhost:8080/app.js
2013-11-22 16:41:56,950 - sauce_connect:0 - INFO - GET http://localhost:8080/app.js -> 200 (43ms, 2076 bytes)
2013-11-22 16:41:57,338 - sauce_connect:0 - INFO - Request started: GET http://localhost:8080/__split__/test/fixtures/general/src/app.js
2013-11-22 16:41:57,339 - sauce_connect:0 - INFO - Request started: GET http://localhost:8080/__split__/node_modules/the-event/lib/event.js
2013-11-22 16:41:57,342 - sauce_connect:0 - INFO - Request started: GET http://localhost:8080/__split__/node_modules/html5-history-api/history.js
2013-11-22 16:41:57,365 - sauce_connect:0 - INFO - Selenium Relay - POST http://localhost:50380/wd/hub/session/fd771f23908f4394a5c14c27eab6e9ae/element/2/click -> 204 (1232ms, 0 bytes)
2013-11-22 16:41:57,378 - sauce_connect:0 - INFO - GET http://localhost:8080/__split__/test/fixtures/general/src/app.js -> 200 (40ms, 1794 bytes)
2013-11-22 16:41:57,385 - sauce_connect:0 - INFO - GET http://localhost:8080/__split__/node_modules/the-event/lib/event.js -> 200 (45ms, 1603 bytes)
2013-11-22 16:41:57,388 - sauce_connect:0 - INFO - GET http://localhost:8080/__split__/node_modules/html5-history-api/history.js -> 200 (46ms, 46363 bytes)
2013-11-22 16:41:57,414 - sauce_connect:0 - INFO - Selenium Relay - Request started: POST http://localhost:50380/wd/hub/session/fd771f23908f4394a5c14c27eab6e9ae/execute
2013-11-22 16:41:57,779 - sauce_connect:0 - INFO - Selenium Relay - POST http://localhost:50380/wd/hub/session/fd771f23908f4394a5c14c27eab6e9ae/execute -> 200 (365ms, 157 bytes)
2013-11-22 16:41:57,796 - sauce_connect:0 - INFO - Selenium Relay - Request started: POST http://localhost:50380/wd/hub/session/fd771f23908f4394a5c14c27eab6e9ae/element
2013-11-22 16:41:58,144 - sauce_connect:0 - INFO - Selenium Relay - POST http://localhost:50380/wd/hub/session/fd771f23908f4394a5c14c27eab6e9ae/element -> 200 (348ms, 170 bytes)
2013-11-22 16:41:58,153 - sauce_connect:0 - INFO - Selenium Relay - Request started: POST http://localhost:50380/wd/hub/session/fd771f23908f4394a5c14c27eab6e9ae/element/3/click
2013-11-22 16:41:58,693 - sauce_connect:0 - INFO - Request started: GET http://localhost:8080/test/c
2013-11-22 16:41:58,697 - sauce_connect:0 - INFO - GET http://localhost:8080/test/c -> 200 (6ms, 475 bytes)
2013-11-22 16:41:58,948 - sauce_connect:0 - INFO - Request started: GET http://localhost:8080/app.js
2013-11-22 16:41:58,967 - sauce_connect:0 - INFO - GET http://localhost:8080/app.js -> 200 (18ms, 2076 bytes)
2013-11-22 16:41:59,375 - sauce_connect:0 - INFO - Request started: GET http://localhost:8080/__split__/test/fixtures/general/src/app.js
2013-11-22 16:41:59,377 - sauce_connect:0 - INFO - Request started: GET http://localhost:8080/__split__/node_modules/the-event/lib/event.js
2013-11-22 16:41:59,380 - sauce_connect:0 - INFO - Request started: GET http://localhost:8080/__split__/node_modules/html5-history-api/history.js
2013-11-22 16:41:59,394 - sauce_connect:0 - INFO - GET http://localhost:8080/__split__/test/fixtures/general/src/app.js -> 200 (18ms, 1794 bytes)
2013-11-22 16:41:59,395 - sauce_connect:0 - INFO - GET http://localhost:8080/__split__/node_modules/the-event/lib/event.js -> 200 (18ms, 1603 bytes)
2013-11-22 16:41:59,403 - sauce_connect:0 - INFO - GET http://localhost:8080/__split__/node_modules/html5-history-api/history.js -> 200 (24ms, 46363 bytes)
2013-11-22 16:41:59,571 - sauce_connect:0 - INFO - Selenium Relay - POST http://localhost:50380/wd/hub/session/fd771f23908f4394a5c14c27eab6e9ae/element/3/click -> 204 (1417ms, 0 bytes)
2013-11-22 16:41:59,578 - sauce_connect:0 - INFO - Selenium Relay - Request started: POST http://localhost:50380/wd/hub/session/fd771f23908f4394a5c14c27eab6e9ae/execute
2013-11-22 16:42:00,025 - sauce_connect:0 - INFO - Selenium Relay - POST http://localhost:50380/wd/hub/session/fd771f23908f4394a5c14c27eab6e9ae/execute -> 200 (447ms, 157 bytes)
2013-11-22 16:42:00,036 - sauce_connect:0 - INFO - Selenium Relay - Request started: POST http://localhost:50380/wd/hub/session/fd771f23908f4394a5c14c27eab6e9ae/execute
2013-11-22 16:42:17,117 - sauce_connect:0 - INFO - Selenium Relay - POST http://localhost:50380/wd/hub/session/fd771f23908f4394a5c14c27eab6e9ae/execute -> 200 (17082ms, 4965 bytes)
2013-11-22 16:42:17,365 - sauce_connect:0 - INFO - Selenium Relay - Request started: DELETE http://localhost:50380/wd/hub/session/fd771f23908f4394a5c14c27eab6e9ae
2013-11-22 16:42:17,875 - sauce_connect:0 - INFO - Selenium Relay - DELETE http://localhost:50380/wd/hub/session/fd771f23908f4394a5c14c27eab6e9ae -> 200 (511ms, 75 bytes)
2013-11-22 16:42:18,618 - sauce_connect:0 - INFO - Selenium Relay - Request started: POST http://localhost:50380/wd/hub/session
2013-11-22 16:42:29,355 - sauce_connect:0 - INFO - Selenium Relay - POST http://localhost:50380/wd/hub/session -> 302 (10739ms, 0 bytes)
2013-11-22 16:42:29,361 - sauce_connect:0 - INFO - Selenium Relay - Request started: POST http://localhost:50380/wd/hub/session/a0ee0f1c686148548f44a70a63c6e877/url
2013-11-22 16:42:29,651 - sauce_connect:0 - INFO - Request started: GET http://localhost:8080/
2013-11-22 16:42:29,657 - sauce_connect:0 - INFO - GET http://localhost:8080/ -> 200 (7ms, 475 bytes)
2013-11-22 16:42:29,898 - sauce_connect:0 - INFO - Request started: GET http://localhost:8080/app.js
2013-11-22 16:42:29,908 - sauce_connect:0 - INFO - GET http://localhost:8080/app.js -> 200 (11ms, 2076 bytes)
2013-11-22 16:42:30,163 - sauce_connect:0 - INFO - Request started: GET http://localhost:8080/__split__/node_modules/html5-history-api/history.js
2013-11-22 16:42:30,163 - sauce_connect:0 - INFO - Request started: GET http://localhost:8080/__split__/node_modules/the-event/lib/event.js
2013-11-22 16:42:30,164 - sauce_connect:0 - INFO - Request started: GET http://localhost:8080/__split__/src/index.js
2013-11-22 16:42:30,173 - sauce_connect:0 - INFO - GET http://localhost:8080/__split__/node_modules/the-event/lib/event.js -> 200 (10ms, 1603 bytes)
2013-11-22 16:42:30,174 - sauce_connect:0 - INFO - GET http://localhost:8080/__split__/node_modules/html5-history-api/history.js -> 200 (10ms, 46363 bytes)
2013-11-22 16:42:30,200 - sauce_connect:0 - INFO - GET http://localhost:8080/__split__/src/index.js -> 200 (37ms, 7567 bytes)
2013-11-22 16:42:30,315 - sauce_connect:0 - INFO - Request started: GET http://localhost:8080/__split__/test/fixtures/general/src/app.js
2013-11-22 16:42:30,321 - sauce_connect:0 - INFO - GET http://localhost:8080/__split__/test/fixtures/general/src/app.js -> 200 (6ms, 1794 bytes)
2013-11-22 16:42:30,867 - sauce_connect:0 - INFO - Request started: GET http://localhost:8080/favicon.ico
2013-11-22 16:42:30,875 - sauce_connect:0 - INFO - GET http://localhost:8080/favicon.ico -> 404 (10ms, 28 bytes)
2013-11-22 16:42:31,319 - sauce_connect:0 - INFO - Selenium Relay - POST http://localhost:50380/wd/hub/session/a0ee0f1c686148548f44a70a63c6e877/url -> 204 (1957ms, 0 bytes)
2013-11-22 16:42:31,325 - sauce_connect:0 - INFO - Selenium Relay - Request started: POST http://localhost:50380/wd/hub/session/a0ee0f1c686148548f44a70a63c6e877/elements
2013-11-22 16:42:31,973 - sauce_connect:0 - INFO - Selenium Relay - POST http://localhost:50380/wd/hub/session/a0ee0f1c686148548f44a70a63c6e877/elements -> 200 (649ms, 172 bytes)
2013-11-22 16:42:31,996 - sauce_connect:0 - INFO - Selenium Relay - Request started: POST http://localhost:50380/wd/hub/session/a0ee0f1c686148548f44a70a63c6e877/element
2013-11-22 16:42:32,582 - sauce_connect:0 - INFO - Selenium Relay - POST http://localhost:50380/wd/hub/session/a0ee0f1c686148548f44a70a63c6e877/element -> 200 (584ms, 171 bytes)
2013-11-22 16:42:32,589 - sauce_connect:0 - INFO - Selenium Relay - Request started: POST http://localhost:50380/wd/hub/session/a0ee0f1c686148548f44a70a63c6e877/element
2013-11-22 16:42:32,910 - sauce_connect:0 - INFO - Selenium Relay - POST http://localhost:50380/wd/hub/session/a0ee0f1c686148548f44a70a63c6e877/element -> 200 (319ms, 171 bytes)
2013-11-22 16:42:32,914 - sauce_connect:0 - INFO - Selenium Relay - Request started: POST http://localhost:50380/wd/hub/session/a0ee0f1c686148548f44a70a63c6e877/element/1/click
2013-11-22 16:42:33,530 - sauce_connect:0 - INFO - Request started: GET http://localhost:8080/test/a
2013-11-22 16:42:33,539 - sauce_connect:0 - INFO - GET http://localhost:8080/test/a -> 200 (9ms, 475 bytes)
2013-11-22 16:42:33,809 - sauce_connect:0 - INFO - Request started: GET http://localhost:8080/app.js
2013-11-22 16:42:33,835 - sauce_connect:0 - INFO - GET http://localhost:8080/app.js -> 200 (27ms, 2076 bytes)
2013-11-22 16:42:34,071 - sauce_connect:0 - INFO - Request started: GET http://localhost:8080/__split__/node_modules/html5-history-api/history.js
2013-11-22 16:42:34,075 - sauce_connect:0 - INFO - GET http://localhost:8080/__split__/node_modules/html5-history-api/history.js -> 200 (5ms, 46363 bytes)
2013-11-22 16:42:34,279 - sauce_connect:0 - INFO - Request started: GET http://localhost:8080/__split__/node_modules/the-event/lib/event.js
2013-11-22 16:42:34,279 - sauce_connect:0 - INFO - Request started: GET http://localhost:8080/__split__/test/fixtures/general/src/app.js
2013-11-22 16:42:34,282 - sauce_connect:0 - INFO - Request started: GET http://localhost:8080/__split__/src/index.js
2013-11-22 16:42:34,286 - sauce_connect:0 - INFO - GET http://localhost:8080/__split__/node_modules/the-event/lib/event.js -> 200 (8ms, 1603 bytes)
2013-11-22 16:42:34,290 - sauce_connect:0 - INFO - GET http://localhost:8080/__split__/test/fixtures/general/src/app.js -> 200 (10ms, 1794 bytes)
2013-11-22 16:42:34,329 - sauce_connect:0 - INFO - GET http://localhost:8080/__split__/src/index.js -> 200 (48ms, 7567 bytes)
2013-11-22 16:42:34,707 - sauce_connect:0 - INFO - Request started: GET http://localhost:8080/favicon.ico
2013-11-22 16:42:34,710 - sauce_connect:0 - INFO - GET http://localhost:8080/favicon.ico -> 404 (3ms, 28 bytes)
2013-11-22 16:42:34,901 - sauce_connect:0 - INFO - Selenium Relay - POST http://localhost:50380/wd/hub/session/a0ee0f1c686148548f44a70a63c6e877/element/1/click -> 204 (1987ms, 0 bytes)
2013-11-22 16:42:34,905 - sauce_connect:0 - INFO - Selenium Relay - Request started: POST http://localhost:50380/wd/hub/session/a0ee0f1c686148548f44a70a63c6e877/execute
2013-11-22 16:42:35,352 - sauce_connect:0 - INFO - Selenium Relay - POST http://localhost:50380/wd/hub/session/a0ee0f1c686148548f44a70a63c6e877/execute -> 200 (447ms, 157 bytes)
2013-11-22 16:42:35,359 - sauce_connect:0 - INFO - Selenium Relay - Request started: POST http://localhost:50380/wd/hub/session/a0ee0f1c686148548f44a70a63c6e877/element
2013-11-22 16:42:35,871 - sauce_connect:0 - INFO - Selenium Relay - POST http://localhost:50380/wd/hub/session/a0ee0f1c686148548f44a70a63c6e877/element -> 200 (512ms, 170 bytes)
2013-11-22 16:42:35,875 - sauce_connect:0 - INFO - Selenium Relay - Request started: POST http://localhost:50380/wd/hub/session/a0ee0f1c686148548f44a70a63c6e877/element/2/click
2013-11-22 16:42:36,352 - sauce_connect:0 - INFO - Request started: GET http://localhost:8080/test/b
2013-11-22 16:42:36,357 - sauce_connect:0 - INFO - GET http://localhost:8080/test/b -> 200 (4ms, 475 bytes)
2013-11-22 16:42:36,806 - sauce_connect:0 - INFO - Request started: GET http://localhost:8080/app.js
2013-11-22 16:42:36,822 - sauce_connect:0 - INFO - GET http://localhost:8080/app.js -> 200 (17ms, 2076 bytes)
2013-11-22 16:42:37,062 - sauce_connect:0 - INFO - Request started: GET http://localhost:8080/__split__/node_modules/html5-history-api/history.js
2013-11-22 16:42:37,069 - sauce_connect:0 - INFO - GET http://localhost:8080/__split__/node_modules/html5-history-api/history.js -> 200 (7ms, 46363 bytes)
2013-11-22 16:42:37,269 - sauce_connect:0 - INFO - Request started: GET http://localhost:8080/__split__/src/index.js
2013-11-22 16:42:37,270 - sauce_connect:0 - INFO - Request started: GET http://localhost:8080/__split__/node_modules/the-event/lib/event.js
2013-11-22 16:42:37,270 - sauce_connect:0 - INFO - Request started: GET http://localhost:8080/__split__/test/fixtures/general/src/app.js
2013-11-22 16:42:37,278 - sauce_connect:0 - INFO - GET http://localhost:8080/__split__/node_modules/the-event/lib/event.js -> 200 (7ms, 1603 bytes)
2013-11-22 16:42:37,345 - sauce_connect:0 - INFO - GET http://localhost:8080/__split__/src/index.js -> 200 (75ms, 7567 bytes)
2013-11-22 16:42:37,348 - sauce_connect:0 - INFO - GET http://localhost:8080/__split__/test/fixtures/general/src/app.js -> 200 (77ms, 1794 bytes)
2013-11-22 16:42:37,848 - sauce_connect:0 - INFO - Selenium Relay - POST http://localhost:50380/wd/hub/session/a0ee0f1c686148548f44a70a63c6e877/element/2/click -> 204 (1973ms, 0 bytes)
2013-11-22 16:42:37,857 - sauce_connect:0 - INFO - Selenium Relay - Request started: POST http://localhost:50380/wd/hub/session/a0ee0f1c686148548f44a70a63c6e877/execute
2013-11-22 16:42:38,357 - sauce_connect:0 - INFO - Selenium Relay - POST http://localhost:50380/wd/hub/session/a0ee0f1c686148548f44a70a63c6e877/execute -> 200 (500ms, 157 bytes)
2013-11-22 16:42:38,377 - sauce_connect:0 - INFO - Selenium Relay - Request started: POST http://localhost:50380/wd/hub/session/a0ee0f1c686148548f44a70a63c6e877/element
2013-11-22 16:42:38,703 - sauce_connect:0 - INFO - Selenium Relay - POST http://localhost:50380/wd/hub/session/a0ee0f1c686148548f44a70a63c6e877/element -> 200 (326ms, 171 bytes)
2013-11-22 16:42:38,709 - sauce_connect:0 - INFO - Selenium Relay - Request started: POST http://localhost:50380/wd/hub/session/a0ee0f1c686148548f44a70a63c6e877/element/3/click
2013-11-22 16:42:39,354 - sauce_connect:0 - INFO - Request started: GET http://localhost:8080/test/c
2013-11-22 16:42:39,365 - sauce_connect:0 - INFO - GET http://localhost:8080/test/c -> 200 (12ms, 475 bytes)
2013-11-22 16:42:39,609 - sauce_connect:0 - INFO - Request started: GET http://localhost:8080/app.js
2013-11-22 16:42:39,615 - sauce_connect:0 - INFO - GET http://localhost:8080/app.js -> 200 (5ms, 2076 bytes)
2013-11-22 16:42:39,862 - sauce_connect:0 - INFO - Request started: GET http://localhost:8080/__split__/node_modules/html5-history-api/history.js
2013-11-22 16:42:39,868 - sauce_connect:0 - INFO - GET http://localhost:8080/__split__/node_modules/html5-history-api/history.js -> 200 (5ms, 46363 bytes)
2013-11-22 16:42:40,023 - sauce_connect:0 - INFO - Request started: GET http://localhost:8080/__split__/node_modules/the-event/lib/event.js
2013-11-22 16:42:40,025 - sauce_connect:0 - INFO - Request started: GET http://localhost:8080/__split__/src/index.js
2013-11-22 16:42:40,025 - sauce_connect:0 - INFO - Request started: GET http://localhost:8080/__split__/test/fixtures/general/src/app.js
2013-11-22 16:42:40,040 - sauce_connect:0 - INFO - GET http://localhost:8080/__split__/node_modules/the-event/lib/event.js -> 200 (17ms, 1603 bytes)
2013-11-22 16:42:40,029 - sauce_connect:0 - INFO - GET http://localhost:8080/__split__/test/fixtures/general/src/app.js -> 200 (5ms, 1794 bytes)
2013-11-22 16:42:40,098 - sauce_connect:0 - INFO - GET http://localhost:8080/__split__/src/index.js -> 200 (75ms, 7567 bytes)
2013-11-22 16:42:40,585 - sauce_connect:0 - INFO - Selenium Relay - POST http://localhost:50380/wd/hub/session/a0ee0f1c686148548f44a70a63c6e877/element/3/click -> 204 (1877ms, 0 bytes)
2013-11-22 16:42:40,594 - sauce_connect:0 - INFO - Selenium Relay - Request started: POST http://localhost:50380/wd/hub/session/a0ee0f1c686148548f44a70a63c6e877/execute
2013-11-22 16:42:41,352 - sauce_connect:0 - INFO - Selenium Relay - POST http://localhost:50380/wd/hub/session/a0ee0f1c686148548f44a70a63c6e877/execute -> 200 (759ms, 156 bytes)
2013-11-22 16:42:41,359 - sauce_connect:0 - INFO - Selenium Relay - Request started: POST http://localhost:50380/wd/hub/session/a0ee0f1c686148548f44a70a63c6e877/execute
2013-11-22 16:42:55,105 - sauce_connect:0 - INFO - Selenium Relay - POST http://localhost:50380/wd/hub/session/a0ee0f1c686148548f44a70a63c6e877/execute -> 200 (13747ms, 4966 bytes)
2013-11-22 16:42:55,338 - sauce_connect:0 - INFO - Selenium Relay - Request started: DELETE http://localhost:50380/wd/hub/session/a0ee0f1c686148548f44a70a63c6e877
2013-11-22 16:42:55,904 - sauce_connect:0 - INFO - Selenium Relay - DELETE http://localhost:50380/wd/hub/session/a0ee0f1c686148548f44a70a63c6e877 -> 200 (565ms, 75 bytes)
2013-11-22 17:18:04,627 - sauce_connect:0 - INFO - Request started: GET http://localhost:8080/
2013-11-22 17:18:04,637 - sauce_connect:0 - INFO - GET http://localhost:8080/ -> 200 (10ms, 475 bytes)
2013-11-22 17:18:05,252 - sauce_connect:0 - INFO - Request started: GET http://localhost:8080/app.js
2013-11-22 17:18:05,272 - sauce_connect:0 - INFO - GET http://localhost:8080/app.js -> 200 (19ms, 157122 bytes)
2013-11-22 17:18:06,707 - sauce_connect:0 - INFO - Request started: GET http://localhost:8080/favicon.ico
2013-11-22 17:18:06,716 - sauce_connect:0 - INFO - GET http://localhost:8080/favicon.ico -> 404 (7ms, 28 bytes)
2013-11-22 17:21:48,749 - sauce_connect:0 - INFO - Request started: GET http://localhost:8080/test/a
2013-11-22 17:21:48,753 - sauce_connect:0 - INFO - GET http://localhost:8080/test/a -> 200 (5ms, 475 bytes)
2013-11-22 17:21:48,994 - sauce_connect:0 - INFO - Request started: GET http://localhost:8080/app.js
2013-11-22 17:21:49,003 - sauce_connect:0 - INFO - GET http://localhost:8080/app.js -> 200 (6ms, 157122 bytes)
2013-11-22 17:21:50,265 - sauce_connect:0 - INFO - Request started: GET http://localhost:8080/favicon.ico
2013-11-22 17:21:50,267 - sauce_connect:0 - INFO - GET http://localhost:8080/favicon.ico -> 404 (3ms, 28 bytes)
2013-11-22 17:21:52,496 - sauce_connect:0 - INFO - Request started: GET http://localhost:8080/test/b
2013-11-22 17:21:52,500 - sauce_connect:0 - INFO - GET http://localhost:8080/test/b -> 200 (3ms, 475 bytes)
2013-11-22 17:21:52,937 - sauce_connect:0 - INFO - Request started: GET http://localhost:8080/app.js
2013-11-22 17:21:52,946 - sauce_connect:0 - INFO - GET http://localhost:8080/app.js -> 200 (8ms, 157122 bytes)
2013-11-22 17:21:55,010 - sauce_connect:0 - INFO - Request started: GET http://localhost:8080/test/c
2013-11-22 17:21:55,019 - sauce_connect:0 - INFO - GET http://localhost:8080/test/c -> 200 (8ms, 475 bytes)
2013-11-22 17:21:55,256 - sauce_connect:0 - INFO - Request started: GET http://localhost:8080/app.js
2013-11-22 17:21:55,267 - sauce_connect:0 - INFO - GET http://localhost:8080/app.js -> 200 (12ms, 157122 bytes)
